<?xml version="1.0" encoding="UTF-8"?>
<!-- Generated by org.testng.reporters.JUnitReportReporter -->
<testsuite hostname="INPF0Y8SEZ" name="qaprojects.Homepage" tests="2" failures="0" timestamp="28 Nov 2019 17:16:50 GMT" time="57.255" errors="0">
  <testcase name="basepageNavigation" time="30.303" classname="qaprojects.Homepage"/>
  <testcase name="basepageNavigation" time="26.952" classname="qaprojects.Homepage"/>
</testsuite> <!-- qaprojects.Homepage -->
