<?xml version="1.0" encoding="UTF-8"?>
<!-- Generated by org.testng.reporters.JUnitReportReporter -->
<testsuite hostname="INPF0Y8SEZ" name="qaprojects.validationNavigation" tests="1" failures="0" timestamp="7 Nov 2019 13:52:05 GMT" time="0.493" errors="0">
  <testcase name="basepageNavigation" time="0.493" classname="qaprojects.validationNavigation"/>
</testsuite> <!-- qaprojects.validationNavigation -->
