<?xml version="1.0" encoding="UTF-8"?>
<!-- Generated by org.testng.reporters.JUnitReportReporter -->
<testsuite hostname="INPF0Y8SEZ" name="qaprojects.Homepage" tests="2" failures="0" timestamp="7 Nov 2019 20:38:25 GMT" time="44.736" errors="0">
  <testcase name="basepageNavigation" time="25.472" classname="qaprojects.Homepage"/>
  <testcase name="basepageNavigation" time="19.264" classname="qaprojects.Homepage"/>
</testsuite> <!-- qaprojects.Homepage -->
